<?xml version="1.0" encoding="UTF-8"?>
<!-- Generated by org.testng.reporters.JUnitReportReporter -->
<testsuite hostname="DESKTOP-2EB7RG6" failures="0" tests="1" name="TestRunner.Run" time="22.832" errors="0" timestamp="2023-05-01T11:08:16 IST" skipped="0">
  <testcase classname="TestRunner.Run" name="runScenario" time="22.832"/>
  <system-out/>
</testsuite> <!-- TestRunner.Run -->
